[0.051s] Invoking command in '/home/zhiquan/mujoco_ros2_humble_integrate/build/pkg1': CMAKE_PREFIX_PATH=${CMAKE_PREFIX_PATH}:/opt/ros/humble /usr/bin/cmake /home/zhiquan/mujoco_ros2_humble_integrate/src/pkg1 -DCMAKE_INSTALL_PREFIX=/home/zhiquan/mujoco_ros2_humble_integrate/install/pkg1
[0.113s] -- The C compiler identification is GNU 11.4.0
[0.161s] -- The CXX compiler identification is GNU 11.4.0
[0.165s] -- Detecting C compiler ABI info
[0.210s] -- Detecting C compiler ABI info - done
[0.215s] -- Check for working C compiler: /usr/bin/cc - skipped
[0.215s] -- Detecting C compile features
[0.215s] -- Detecting C compile features - done
[0.222s] -- Detecting CXX compiler ABI info
[0.306s] -- Detecting CXX compiler ABI info - done
[0.328s] -- Check for working CXX compiler: /usr/bin/c++ - skipped
[0.328s] -- Detecting CXX compile features
[0.328s] -- Detecting CXX compile features - done
[0.331s] -- Found ament_cmake: 1.3.8 (/opt/ros/humble/share/ament_cmake/cmake)
[0.465s] -- Found Python3: /usr/bin/python3 (found version "3.10.12") found components: Interpreter 
[0.519s] -- Found rclcpp: 16.0.8 (/opt/ros/humble/share/rclcpp/cmake)
[0.555s] -- Found rosidl_generator_c: 3.1.5 (/opt/ros/humble/share/rosidl_generator_c/cmake)
[0.558s] -- Found rosidl_adapter: 3.1.5 (/opt/ros/humble/share/rosidl_adapter/cmake)
[0.563s] -- Found rosidl_generator_cpp: 3.1.5 (/opt/ros/humble/share/rosidl_generator_cpp/cmake)
[0.572s] -- Using all available rosidl_typesupport_c: rosidl_typesupport_fastrtps_c;rosidl_typesupport_introspection_c
[0.585s] -- Using all available rosidl_typesupport_cpp: rosidl_typesupport_fastrtps_cpp;rosidl_typesupport_introspection_cpp
[0.640s] -- Found rmw_implementation_cmake: 6.1.1 (/opt/ros/humble/share/rmw_implementation_cmake/cmake)
[0.641s] -- Found rmw_fastrtps_cpp: 6.2.6 (/opt/ros/humble/share/rmw_fastrtps_cpp/cmake)
[0.716s] -- Found OpenSSL: /usr/lib/aarch64-linux-gnu/libcrypto.so (found version "3.0.2")  
[0.752s] -- Found FastRTPS: /opt/ros/humble/include  
[0.787s] -- Using RMW implementation 'rmw_fastrtps_cpp' as default
[0.793s] -- Looking for pthread.h
[0.865s] -- Looking for pthread.h - found
[0.866s] -- Performing Test CMAKE_HAVE_LIBC_PTHREAD
[0.927s] -- Performing Test CMAKE_HAVE_LIBC_PTHREAD - Success
[0.927s] -- Found Threads: TRUE  
[1.059s] -- Found geometry_msgs: 4.2.3 (/opt/ros/humble/share/geometry_msgs/cmake)
[1.092s] -- Found nav_msgs: 4.2.3 (/opt/ros/humble/share/nav_msgs/cmake)
[1.327s] -- Found ament_lint_auto: 0.12.10 (/opt/ros/humble/share/ament_lint_auto/cmake)
[1.380s] -- Added test 'cppcheck' to perform static code analysis on C / C++ code
[1.380s] -- Configured cppcheck include dirs: 
[1.380s] -- Configured cppcheck exclude dirs and/or files: 
[1.380s] -- Added test 'flake8' to check Python code syntax and style conventions
[1.380s] -- Added test 'lint_cmake' to check CMake code style
[1.381s] -- Added test 'pep257' to check Python code against some of the docstring style conventions in PEP 257
[1.381s] -- Added test 'uncrustify' to check C / C++ code style
[1.381s] -- Configured uncrustify additional arguments: 
[1.381s] -- Added test 'xmllint' to check XML markup files
[1.382s] -- Configuring done
[1.403s] -- Generating done
[1.403s] -- Build files have been written to: /home/zhiquan/mujoco_ros2_humble_integrate/build/pkg1
[1.413s] Invoked command in '/home/zhiquan/mujoco_ros2_humble_integrate/build/pkg1' returned '0': CMAKE_PREFIX_PATH=${CMAKE_PREFIX_PATH}:/opt/ros/humble /usr/bin/cmake /home/zhiquan/mujoco_ros2_humble_integrate/src/pkg1 -DCMAKE_INSTALL_PREFIX=/home/zhiquan/mujoco_ros2_humble_integrate/install/pkg1
[1.417s] Invoking command in '/home/zhiquan/mujoco_ros2_humble_integrate/build/pkg1': CMAKE_PREFIX_PATH=${CMAKE_PREFIX_PATH}:/opt/ros/humble /usr/bin/cmake --build /home/zhiquan/mujoco_ros2_humble_integrate/build/pkg1 -- -j2 -l2
[1.460s] [ 50%] [32mBuilding CXX object CMakeFiles/subscriber.dir/src/subscriber_node.cpp.o[0m
[1.460s] [ 50%] [32mBuilding CXX object CMakeFiles/publisher.dir/src/publisher_node.cpp.o[0m
[1.635s] [01m[K/home/zhiquan/mujoco_ros2_humble_integrate/src/pkg1/src/subscriber_node.cpp:32:2:[m[K [01;31m[Kerror: [m[Kstray â€˜[01m[K#[m[Kâ€™ in program
[1.635s]    32 | }[01;31m[K#[m[Kinclude <memory>
[1.635s]       |  [01;31m[K^[m[K
[3.275s] [01m[K/home/zhiquan/mujoco_ros2_humble_integrate/src/pkg1/src/subscriber_node.cpp:32:3:[m[K [01;31m[Kerror: [m[Kâ€˜[01m[Kinclude[m[Kâ€™ does not name a type
[3.275s]    32 | }#[01;31m[Kinclude[m[K <memory>
[3.275s]       |   [01;31m[K^~~~~~~[m[K
[3.275s] [01m[K/home/zhiquan/mujoco_ros2_humble_integrate/src/pkg1/src/subscriber_node.cpp:38:7:[m[K [01;31m[Kerror: [m[Kredefinition of â€˜[01m[Kclass MinimalSubscriber[m[Kâ€™
[3.275s]    38 | class [01;31m[KMinimalSubscriber[m[K : public rclcpp::Node
[3.275s]       |       [01;31m[K^~~~~~~~~~~~~~~~~[m[K
[3.275s] [01m[K/home/zhiquan/mujoco_ros2_humble_integrate/src/pkg1/src/subscriber_node.cpp:7:7:[m[K [01;36m[Knote: [m[Kprevious definition of â€˜[01m[Kclass MinimalSubscriber[m[Kâ€™
[3.275s]     7 | class [01;36m[KMinimalSubscriber[m[K : public rclcpp::Node
[3.275s]       |       [01;36m[K^~~~~~~~~~~~~~~~~[m[K
[3.275s] [01m[K/home/zhiquan/mujoco_ros2_humble_integrate/src/pkg1/src/subscriber_node.cpp:57:5:[m[K [01;31m[Kerror: [m[Kredefinition of â€˜[01m[Kint main(int, char**)[m[Kâ€™
[3.275s]    57 | int [01;31m[Kmain[m[K(int argc, char * argv[])
[3.275s]       |     [01;31m[K^~~~[m[K
[3.275s] [01m[K/home/zhiquan/mujoco_ros2_humble_integrate/src/pkg1/src/subscriber_node.cpp:26:5:[m[K [01;36m[Knote: [m[Kâ€˜[01m[Kint main(int, char**)[m[Kâ€™ previously defined here
[3.275s]    26 | int [01;36m[Kmain[m[K(int argc, char * argv[])
[3.275s]       |     [01;36m[K^~~~[m[K
[4.778s] [ 75%] [32m[1mLinking CXX executable publisher[0m
[4.942s] [ 75%] Built target publisher
[4.997s] gmake[2]: *** [CMakeFiles/subscriber.dir/build.make:76: CMakeFiles/subscriber.dir/src/subscriber_node.cpp.o] Error 1
[4.999s] gmake[1]: *** [CMakeFiles/Makefile2:165: CMakeFiles/subscriber.dir/all] Error 2
[4.999s] gmake: *** [Makefile:146: all] Error 2
[5.000s] Invoked command in '/home/zhiquan/mujoco_ros2_humble_integrate/build/pkg1' returned '2': CMAKE_PREFIX_PATH=${CMAKE_PREFIX_PATH}:/opt/ros/humble /usr/bin/cmake --build /home/zhiquan/mujoco_ros2_humble_integrate/build/pkg1 -- -j2 -l2
